#
# There is insufficient memory for the Java Runtime Environment to continue.
# Native memory allocation (malloc) failed to allocate 32744 bytes for ChunkPool::allocate
# Possible reasons:
#   The system is out of physical RAM or swap space
#   In 32 bit mode, the process size limit was hit
# Possible solutions:
#   Reduce memory load on the system
#   Increase physical memory or swap space
#   Check if swap backing store is full
#   Use 64 bit Java on a 64 bit OS
#   Decrease Java heap size (-Xmx/-Xms)
#   Decrease number of Java threads
#   Decrease Java thread stack sizes (-Xss)
#   Set larger code cache with -XX:ReservedCodeCacheSize=
# This output file may be truncated or incomplete.
#
#  Out of Memory Error (allocation.cpp:273), pid=8368, tid=0x0000000000001544
#
# JRE version:  (8.0_101-b13) (build )
# Java VM: Java HotSpot(TM) 64-Bit Server VM (25.101-b13 mixed mode windows-amd64 compressed oops)
# Failed to write core dump. Minidumps are not enabled by default on client versions of Windows
#

---------------  T H R E A D  ---------------

Current thread (0x00000000021be000):  JavaThread "main" [_thread_in_vm, id=5444, stack(0x0000000002510000,0x0000000002610000)]

Stack: [0x0000000002510000,0x0000000002610000]
[error occurred during error reporting (printing stack bounds), id 0xc0000005]

Native frames: (J=compiled Java code, j=interpreted, Vv=VM code, C=native code)

Java frames: (J=compiled Java code, j=interpreted, Vv=VM code)
j  java.lang.Class.getDeclaredFields0(Z)[Ljava/lang/reflect/Field;+0
j  java.lang.Class.access$100(Ljava/lang/Class;Z)[Ljava/lang/reflect/Field;+2
j  java.lang.Class$Atomic.<clinit>()V+9
v  ~StubRoutines::call_stub
j  java.lang.Class.newReflectionData(Ljava/lang/ref/SoftReference;I)Ljava/lang/Class$ReflectionData;+27
j  java.lang.Class.reflectionData()Ljava/lang/Class$ReflectionData;+45
j  java.lang.Class.privateGetDeclaredFields(Z)[Ljava/lang/reflect/Field;+4
j  java.lang.Class.getDeclaredField(Ljava/lang/String;)Ljava/lang/reflect/Field;+11
j  java.util.concurrent.atomic.AtomicReferenceFieldUpdater$AtomicReferenceFieldUpdaterImpl$1.run()Ljava/lang/reflect/Field;+8
j  java.util.concurrent.atomic.AtomicReferenceFieldUpdater$AtomicReferenceFieldUpdaterImpl$1.run()Ljava/lang/Object;+1
v  ~StubRoutines::call_stub
j  java.security.AccessController.doPrivileged(Ljava/security/PrivilegedExceptionAction;)Ljava/lang/Object;+0
j  java.util.concurrent.atomic.AtomicReferenceFieldUpdater$AtomicReferenceFieldUpdaterImpl.<init>(Ljava/lang/Class;Ljava/lang/Class;Ljava/lang/String;Ljava/lang/Class;)V+14
j  java.util.concurrent.atomic.AtomicReferenceFieldUpdater.newUpdater(Ljava/lang/Class;Ljava/lang/Class;Ljava/lang/String;)Ljava/util/concurrent/atomic/AtomicReferenceFieldUpdater;+10
j  java.io.BufferedInputStream.<clinit>()V+17
v  ~StubRoutines::call_stub
j  java.lang.System.initializeSystemClass()V+70
v  ~StubRoutines::call_stub

---------------  P R O C E S S  ---------------

Java Threads: ( => current thread )
  0x0000000055149000 JavaThread "Finalizer" daemon [_thread_blocked, id=4080, stack(0x0000000056e60000,0x0000000056f60000)]
  0x0000000055102000 JavaThread "Reference Handler" daemon [_thread_blocked, id=7216, stack(0x0000000056b90000,0x0000000056c90000)]
=>0x00000000021be000 JavaThread "main" [_thread_in_vm, id=5444, stack(0x0000000002510000,0x0000000002610000)]

Other Threads:
  0x00000000550fa800 VMThread [stack: 0x0000000056060000,0x0000000056160000] [id=1844]

VM state:not at safepoint (normal execution)

VM Mutex/Monitor currently owned by a thread: None

Heap:
 PSYoungGen      total 18944K, used 327K [0x00000000eab00000, 0x00000000ec000000, 0x0000000100000000)
  eden space 16384K, 2% used [0x00000000eab00000,0x00000000eab51ec8,0x00000000ebb00000)
  from space 2560K, 0% used [0x00000000ebd80000,0x00000000ebd80000,0x00000000ec000000)
  to   space 2560K, 0% used [0x00000000ebb00000,0x00000000ebb00000,0x00000000ebd80000)
 ParOldGen       total 44032K, used 0K [0x00000000c0000000, 0x00000000c2b00000, 0x00000000eab00000)
  object space 44032K, 0% used [0x00000000c0000000,0x00000000c0000000,0x00000000c2b00000)
 Metaspace       used 1231K, capacity 4480K, committed 4480K, reserved 1056768K
  class space    used 136K, capacity 384K, committed 384K, reserved 1048576K

Card table byte_map: [0x0000000011ca0000,0x0000000011eb0000] byte_map_base: 0x00000000116a0000

Marking Bits: (ParMarkBitMap*) 0x0000000056a5a6d0
 Begin Bits: [0x0000000012570000, 0x0000000013570000)
 End Bits:   [0x0000000013570000, 0x0000000014570000)

Polling page: 0x0000000000130000

CodeCache: size=245760Kb used=404Kb max_used=404Kb free=245355Kb
 bounds [0x00000000028e0000, 0x0000000002b50000, 0x00000000118e0000]
 total_blobs=103 nmethods=0 adapters=79
 compilation: enabled

Compilation events (0 events):
No events

GC Heap History (0 events):
No events

Deoptimization events (0 events):
No events

Internal exceptions (2 events):
Event: 0.028 Thread 0x00000000021be000 Exception <a 'java/lang/NoSuchMethodError': Method sun.misc.Unsafe.defineClass(Ljava/lang/String;[BII)Ljava/lang/Class; name or signature does not match> (0x00000000eab07cc0) thrown at [C:\re\workspace\8-2-build-windows-amd64-cygwin\jdk8u101\7261\hotspot\s?Ÿ¿Gòœ?
Event: 0.028 Thread 0x00000000021be000 Exception <a 'java/lang/NoSuchMethodError': Method sun.misc.Unsafe.prefetchRead(Ljava/lang/Object;J)V name or signature does not match> (0x00000000eab07fa8) thrown at [C:\re\workspace\8-2-build-windows-amd64-cygwin\jdk8u101\7261\hotspot\src\share\vm\prims\

Events (10 events):
Event: 0.035 loading class sun/reflect/generics/repository/AbstractRepository
Event: 0.035 loading class sun/reflect/generics/repository/AbstractRepository done
Event: 0.035 loading class sun/reflect/generics/repository/GenericDeclRepository done
Event: 0.035 loading class sun/reflect/generics/repository/ClassRepository done
Event: 0.035 loading class java/lang/Class$AnnotationData
Event: 0.035 loading class java/lang/Class$AnnotationData done
Event: 0.035 loading class sun/reflect/annotation/AnnotationType
Event: 0.035 loading class sun/reflect/annotation/AnnotationType done
Event: 0.035 loading class java/lang/ClassValue$ClassValueMap
Event: 0.035 loading class java/util/WeakHashMap


Dynamic libraries:
0x000000013fc60000 - 0x000000013fc97000 	E:\Programmi\Programmi installati\Java\jdk1.8.0_101\bin\java.exe
0x00000000779a0000 - 0x0000000077b49000 	C:\Windows\SYSTEM32\ntdll.dll
0x0000000077780000 - 0x000000007789f000 	C:\Windows\system32\kernel32.dll
0x000007fefda70000 - 0x000007fefdadb000 	C:\Windows\system32\KERNELBASE.dll
0x000007fefee20000 - 0x000007fefeefb000 	C:\Windows\system32\ADVAPI32.dll
0x000007fefde70000 - 0x000007fefdf0f000 	C:\Windows\system32\msvcrt.dll
0x000007fefe670000 - 0x000007fefe68f000 	C:\Windows\SYSTEM32\sechost.dll
0x000007fefe900000 - 0x000007fefea2d000 	C:\Windows\system32\RPCRT4.dll
0x00000000778a0000 - 0x000000007799a000 	C:\Windows\system32\USER32.dll
0x000007fefe830000 - 0x000007fefe897000 	C:\Windows\system32\GDI32.dll
0x000007fefe610000 - 0x000007fefe61e000 	C:\Windows\system32\LPK.dll
0x000007fefdb20000 - 0x000007fefdbe9000 	C:\Windows\system32\USP10.dll
0x000007fefbc60000 - 0x000007fefbe54000 	C:\Windows\WinSxS\amd64_microsoft.windows.common-controls_6595b64144ccf1df_6.0.7601.17514_none_fa396087175ac9ac\COMCTL32.dll
0x000007fefe7b0000 - 0x000007fefe821000 	C:\Windows\system32\SHLWAPI.dll
0x000007fefe0a0000 - 0x000007fefe0ce000 	C:\Windows\system32\IMM32.DLL
0x000007fefed00000 - 0x000007fefee09000 	C:\Windows\system32\MSCTF.dll
0x0000000066ca0000 - 0x0000000066d72000 	E:\Programmi\Programmi installati\Java\jdk1.8.0_101\jre\bin\msvcr100.dll
0x0000000056240000 - 0x0000000056ada000 	E:\Programmi\Programmi installati\Java\jdk1.8.0_101\jre\bin\server\jvm.dll
0x000007feef2e0000 - 0x000007feef2e9000 	C:\Windows\system32\WSOCK32.dll
0x000007fefe620000 - 0x000007fefe66d000 	C:\Windows\system32\WS2_32.dll
0x000007fefee10000 - 0x000007fefee18000 	C:\Windows\system32\NSI.dll
0x000007fefa820000 - 0x000007fefa85b000 	C:\Windows\system32\WINMM.dll
0x000007fefc830000 - 0x000007fefc83c000 	C:\Windows\system32\VERSION.dll
0x0000000077b70000 - 0x0000000077b77000 	C:\Windows\system32\PSAPI.DLL
0x0000000072b10000 - 0x0000000072b1f000 	E:\Programmi\Programmi installati\Java\jdk1.8.0_101\jre\bin\verify.dll
0x0000000072470000 - 0x0000000072499000 	E:\Programmi\Programmi installati\Java\jdk1.8.0_101\jre\bin\java.dll
0x0000000072820000 - 0x0000000072836000 	E:\Programmi\Programmi installati\Java\jdk1.8.0_101\jre\bin\zip.dll
0x000007fefef00000 - 0x000007feffc88000 	C:\Windows\system32\SHELL32.dll
0x000007fefe0d0000 - 0x000007fefe2d3000 	C:\Windows\system32\ole32.dll
0x000007fefd770000 - 0x000007fefd77f000 	C:\Windows\system32\profapi.dll

VM Arguments:
jvm_args: -Djava.awt.headless=true -Xmx1024M -Dfile.encoding=windows-1252 -Duser.country=IT -Duser.language=it -Duser.variant 
java_command: com.android.dx.command.Main --dex --force-jumbo --num-threads=4 --output E:\AndroidProjects\MeteoSanCataldo\app\build\intermediates\pre-dexed\debug\com.android.support-support-compat-24.2.0_b20315b55c301fedf5f6d1784fb7eeaff3e6a9bf.jar E:\AndroidProjects\MeteoSanCataldo\app\build\intermediates\exploded-aar\com.android.support\support-compat\24.2.0\jars\classes.jar
java_class_path (initial): E:\Programmi\AndroidSdk\build-tools\24.0.2\lib\dx.jar
Launcher Type: SUN_STANDARD

Environment Variables:
PATH=C:\ProgramData\Oracle\Java\javapath;C:\Windows\system32;C:\Windows;C:\Windows\System32\Wbem;C:\Windows\System32\WindowsPowerShell\v1.0\
USERNAME=Marco
OS=Windows_NT
PROCESSOR_IDENTIFIER=Intel64 Family 6 Model 23 Stepping 7, GenuineIntel



---------------  S Y S T E M  ---------------

OS: Windows 7 , 64 bit Build 7601 (6.1.7601.18409)

CPU:total 4 (4 cores per cpu, 1 threads per core) family 6 model 23 stepping 7, cmov, cx8, fxsr, mmx, sse, sse2, sse3, ssse3, sse4.1, tsc

Memory: 4k page, physical 4193328k(109304k free), swap 9401320k(5092k free)

vm_info: Java HotSpot(TM) 64-Bit Server VM (25.101-b13) for windows-amd64 JRE (1.8.0_101-b13), built on Jun 22 2016 01:21:29 by "java_re" with MS VC++ 10.0 (VS2010)

time: Sun Aug 28 20:38:32 2016
elapsed time: 0 seconds (0d 0h 0m 0s)

