#
# A fatal error has been detected by the Java Runtime Environment:
#
#  Internal Error (0xc06d007e), pid=9188, tid=0x0000000000002070
#
# JRE version:  (8.0_101-b13) (build )
# Java VM: Java HotSpot(TM) 64-Bit Server VM (25.101-b13 mixed mode windows-amd64 compressed oops)
# Problematic frame:
# C  [KERNELBASE.dll+0x940d]
#
# Failed to write core dump. Minidumps are not enabled by default on client versions of Windows
#
# If you would like to submit a bug report, please visit:
#   http://bugreport.java.com/bugreport/crash.jsp
# The crash happened outside the Java Virtual Machine in native code.
# See problematic frame for where to report the bug.
#

---------------  T H R E A D  ---------------

Current thread (0x000000000049e000):  JavaThread "main" [_thread_in_native, id=8304, stack(0x00000000023f0000,0x00000000024f0000)]

siginfo: ExceptionCode=0xc06d007e, ExceptionInformation=0x00000000024eea70 

Registers:
RAX=0x00000000704f462e, RBX=0x0000000000000000, RCX=0x00000000024ee370, RDX=0x0000000000000160
RSP=0x00000000024ee980, RBP=0x00000000024eeac8, RSI=0x000000007248d87c, RDI=0x0000000000000000
R8 =0x0000000000000000, R9 =0x0000000000000000, R10=0x0000000000000004, R11=0x00000000024ee9c0
R12=0x0000000000000001, R13=0x0000000072495780, R14=0x0000000072495510, R15=0x000000007248d908
RIP=0x000007fefda7940d, EFLAGS=0x0000000000000206

Top of Stack: (sp=0x00000000024ee980)
0x00000000024ee980:   0000000000000000 000000007248d87c
0x00000000024ee990:   0000000000000000 00000000779f55c8
0x00000000024ee9a0:   00000000c06d007e 0000000000000000
0x00000000024ee9b0:   000007fefda7940d 0000000000000001
0x00000000024ee9c0:   00000000024eea70 000007fefda7c02f
0x00000000024ee9d0:   0000000000000000 00000000024eeac8
0x00000000024ee9e0:   000000007248d87c 0000000000000000
0x00000000024ee9f0:   0000000000000000 0000000000000000
0x00000000024eea00:   00000000000c000b 000000007248cb40
0x00000000024eea10:   0000000000000000 0000000077796564
0x00000000024eea20:   000000007248cb40 0000000066cf4e7e
0x00000000024eea30:   000000007248b6cc 0000000066cc5695
0x00000000024eea40:   0000000000000000 0000000072488877
0x00000000024eea50:   0000000000000040 0000000000000000
0x00000000024eea60:   0000000000000001 0000000066cf38a8
0x00000000024eea70:   0000000000000048 000000007248d87c 

Instructions: (pc=0x000007fefda7940d)
0x000007fefda793ed:   54 24 24 48 89 4c 24 28 4d 85 c9 0f 85 aa 18 00
0x000007fefda793fd:   00 89 4c 24 38 48 8d 4c 24 20 ff 15 93 1e 04 00
0x000007fefda7940d:   48 81 c4 c8 00 00 00 c3 90 90 90 90 90 90 90 90
0x000007fefda7941d:   90 90 90 48 8b c4 48 83 ec 78 41 f7 c0 fe ff ff 


Register to memory mapping:

RAX=0x00000000704f462e is an unknown value
RBX=0x0000000000000000 is an unknown value
RCX=0x00000000024ee370 is pointing into the stack for thread: 0x000000000049e000
RDX=0x0000000000000160 is an unknown value
RSP=0x00000000024ee980 is pointing into the stack for thread: 0x000000000049e000
RBP=0x00000000024eeac8 is pointing into the stack for thread: 0x000000000049e000
RSI=0x000000007248d87c is an unknown value
RDI=0x0000000000000000 is an unknown value
R8 =0x0000000000000000 is an unknown value
R9 =0x0000000000000000 is an unknown value
R10=0x0000000000000004 is an unknown value
R11=0x00000000024ee9c0 is pointing into the stack for thread: 0x000000000049e000
R12=0x0000000000000001 is an unknown value
R13=0x0000000072495780 is an unknown value
R14=0x0000000072495510 is an unknown value
R15=0x000000007248d908 is an unknown value


Stack: [0x00000000023f0000,0x00000000024f0000],  sp=0x00000000024ee980,  free space=1018k
Native frames: (J=compiled Java code, j=interpreted, Vv=VM code, C=native code)
C  [KERNELBASE.dll+0x940d]

Java frames: (J=compiled Java code, j=interpreted, Vv=VM code)
j  java.lang.System.initProperties(Ljava/util/Properties;)Ljava/util/Properties;+0
j  java.lang.System.initializeSystemClass()V+13
v  ~StubRoutines::call_stub

---------------  P R O C E S S  ---------------

Java Threads: ( => current thread )
  0x0000000055149000 JavaThread "Finalizer" daemon [_thread_blocked, id=388, stack(0x0000000056ca0000,0x0000000056da0000)]
  0x0000000055102000 JavaThread "Reference Handler" daemon [_thread_blocked, id=1012, stack(0x00000000560b0000,0x00000000561b0000)]
=>0x000000000049e000 JavaThread "main" [_thread_in_native, id=8304, stack(0x00000000023f0000,0x00000000024f0000)]

Other Threads:
  0x00000000550fa800 VMThread [stack: 0x0000000056b10000,0x0000000056c10000] [id=7344]

VM state:not at safepoint (normal execution)

VM Mutex/Monitor currently owned by a thread: None

Heap:
 PSYoungGen      total 18944K, used 327K [0x00000000eab00000, 0x00000000ec000000, 0x0000000100000000)
  eden space 16384K, 2% used [0x00000000eab00000,0x00000000eab51ec8,0x00000000ebb00000)
  from space 2560K, 0% used [0x00000000ebd80000,0x00000000ebd80000,0x00000000ec000000)
  to   space 2560K, 0% used [0x00000000ebb00000,0x00000000ebb00000,0x00000000ebd80000)
 ParOldGen       total 44032K, used 0K [0x00000000c0000000, 0x00000000c2b00000, 0x00000000eab00000)
  object space 44032K, 0% used [0x00000000c0000000,0x00000000c0000000,0x00000000c2b00000)
 Metaspace       used 1097K, capacity 4480K, committed 4480K, reserved 1056768K
  class space    used 116K, capacity 384K, committed 384K, reserved 1048576K

Card table byte_map: [0x0000000011b80000,0x0000000011d90000] byte_map_base: 0x0000000011580000

Marking Bits: (ParMarkBitMap*) 0x0000000056a5a6d0
 Begin Bits: [0x0000000012570000, 0x0000000013570000)
 End Bits:   [0x0000000013570000, 0x0000000014570000)

Polling page: 0x0000000000140000

CodeCache: size=245760Kb used=403Kb max_used=403Kb free=245356Kb
 bounds [0x00000000027c0000, 0x0000000002a30000, 0x00000000117c0000]
 total_blobs=101 nmethods=0 adapters=77
 compilation: enabled

Compilation events (0 events):
No events

GC Heap History (0 events):
No events

Deoptimization events (0 events):
No events

Internal exceptions (2 events):
Event: 0.076 Thread 0x000000000049e000 Exception <a 'java/lang/NoSuchMethodError': Method sun.misc.Unsafe.defineClass(Ljava/lang/String;[BII)Ljava/lang/Class; name or signature does not match> (0x00000000eab07cc0) thrown at [C:\re\workspace\8-2-build-windows-amd64-cygwin\jdk8u101\7261\hotspot\sË’B[êç≥?
Event: 0.076 Thread 0x000000000049e000 Exception <a 'java/lang/NoSuchMethodError': Method sun.misc.Unsafe.prefetchRead(Ljava/lang/Object;J)V name or signature does not match> (0x00000000eab07fa8) thrown at [C:\re\workspace\8-2-build-windows-amd64-cygwin\jdk8u101\7261\hotspot\src\share\vm\prims\

Events (10 events):
Event: 0.077 loading class java/util/HashMap$Node done
Event: 0.077 loading class sun/misc/VM
Event: 0.077 loading class sun/misc/VM done
Event: 0.078 loading class java/util/Hashtable$Entry
Event: 0.078 loading class java/util/Hashtable$Entry done
Event: 0.078 loading class java/lang/Math
Event: 0.078 loading class java/lang/Math done
Event: 0.078 loading class java/lang/ref/Finalizer$FinalizerThread
Event: 0.078 loading class java/lang/ref/Finalizer$FinalizerThread done
Event: 0.078 Thread 0x0000000055149000 Thread added: 0x0000000055149000


Dynamic libraries:
0x000000013fc60000 - 0x000000013fc97000 	E:\Programmi\Programmi installati\Java\jdk1.8.0_101\bin\java.exe
0x00000000779a0000 - 0x0000000077b49000 	C:\Windows\SYSTEM32\ntdll.dll
0x0000000077780000 - 0x000000007789f000 	C:\Windows\system32\kernel32.dll
0x000007fefda70000 - 0x000007fefdadb000 	C:\Windows\system32\KERNELBASE.dll
0x000007fefee20000 - 0x000007fefeefb000 	C:\Windows\system32\ADVAPI32.dll
0x000007fefde70000 - 0x000007fefdf0f000 	C:\Windows\system32\msvcrt.dll
0x000007fefe670000 - 0x000007fefe68f000 	C:\Windows\SYSTEM32\sechost.dll
0x000007fefe900000 - 0x000007fefea2d000 	C:\Windows\system32\RPCRT4.dll
0x00000000778a0000 - 0x000000007799a000 	C:\Windows\system32\USER32.dll
0x000007fefe830000 - 0x000007fefe897000 	C:\Windows\system32\GDI32.dll
0x000007fefe610000 - 0x000007fefe61e000 	C:\Windows\system32\LPK.dll
0x000007fefdb20000 - 0x000007fefdbe9000 	C:\Windows\system32\USP10.dll
0x000007fefbc60000 - 0x000007fefbe54000 	C:\Windows\WinSxS\amd64_microsoft.windows.common-controls_6595b64144ccf1df_6.0.7601.17514_none_fa396087175ac9ac\COMCTL32.dll
0x000007fefe7b0000 - 0x000007fefe821000 	C:\Windows\system32\SHLWAPI.dll
0x000007fefe0a0000 - 0x000007fefe0ce000 	C:\Windows\system32\IMM32.DLL
0x000007fefed00000 - 0x000007fefee09000 	C:\Windows\system32\MSCTF.dll
0x0000000066ca0000 - 0x0000000066d72000 	E:\Programmi\Programmi installati\Java\jdk1.8.0_101\jre\bin\msvcr100.dll
0x0000000056240000 - 0x0000000056ada000 	E:\Programmi\Programmi installati\Java\jdk1.8.0_101\jre\bin\server\jvm.dll
0x000007feef2e0000 - 0x000007feef2e9000 	C:\Windows\system32\WSOCK32.dll
0x000007fefe620000 - 0x000007fefe66d000 	C:\Windows\system32\WS2_32.dll
0x000007fefee10000 - 0x000007fefee18000 	C:\Windows\system32\NSI.dll
0x000007fefa820000 - 0x000007fefa85b000 	C:\Windows\system32\WINMM.dll
0x000007fefc830000 - 0x000007fefc83c000 	C:\Windows\system32\VERSION.dll
0x0000000077b70000 - 0x0000000077b77000 	C:\Windows\system32\PSAPI.DLL
0x0000000072b10000 - 0x0000000072b1f000 	E:\Programmi\Programmi installati\Java\jdk1.8.0_101\jre\bin\verify.dll
0x0000000072470000 - 0x0000000072499000 	E:\Programmi\Programmi installati\Java\jdk1.8.0_101\jre\bin\java.dll
0x0000000072820000 - 0x0000000072836000 	E:\Programmi\Programmi installati\Java\jdk1.8.0_101\jre\bin\zip.dll

VM Arguments:
jvm_args: -Djava.awt.headless=true -Xmx1024M -Dfile.encoding=windows-1252 -Duser.country=IT -Duser.language=it -Duser.variant 
java_command: com.android.dx.command.Main --dex --force-jumbo --num-threads=4 --output E:\AndroidProjects\MeteoSanCataldo\app\build\intermediates\pre-dexed\debug\internal_impl-24.2.0_b741e8203baa818f6c535e43546747883ae7175e.jar E:\AndroidProjects\MeteoSanCataldo\app\build\intermediates\exploded-aar\com.android.support\support-fragment\24.2.0\jars\libs\internal_impl-24.2.0.jar
java_class_path (initial): E:\Programmi\AndroidSdk\build-tools\24.0.2\lib\dx.jar
Launcher Type: SUN_STANDARD

Environment Variables:
PATH=C:\ProgramData\Oracle\Java\javapath;C:\Windows\system32;C:\Windows;C:\Windows\System32\Wbem;C:\Windows\System32\WindowsPowerShell\v1.0\
USERNAME=Marco
OS=Windows_NT
PROCESSOR_IDENTIFIER=Intel64 Family 6 Model 23 Stepping 7, GenuineIntel



---------------  S Y S T E M  ---------------

OS: Windows 7 , 64 bit Build 7601 (6.1.7601.18409)

CPU:total 4 (4 cores per cpu, 1 threads per core) family 6 model 23 stepping 7, cmov, cx8, fxsr, mmx, sse, sse2, sse3, ssse3, sse4.1, tsc

Memory: 4k page, physical 4193328k(119768k free), swap 9401320k(4796k free)

vm_info: Java HotSpot(TM) 64-Bit Server VM (25.101-b13) for windows-amd64 JRE (1.8.0_101-b13), built on Jun 22 2016 01:21:29 by "java_re" with MS VC++ 10.0 (VS2010)

time: Sun Aug 28 20:38:32 2016
elapsed time: 0 seconds (0d 0h 0m 0s)

